[debug] [2021-03-21T21:31:40.132Z] ----------------------------------------------------------------------
[debug] [2021-03-21T21:31:40.139Z] Command:       C:\Program Files\nodejs\node.exe C:\Users\AJAY Bansal\AppData\Roaming\npm\node_modules\firebase-tools\lib\bin\firebase.js init
[debug] [2021-03-21T21:31:40.140Z] CLI Version:   9.6.1
[debug] [2021-03-21T21:31:40.140Z] Platform:      win32
[debug] [2021-03-21T21:31:40.141Z] Node Version:  v13.11.0
[debug] [2021-03-21T21:31:40.144Z] Time:          Mon Mar 22 2021 03:01:40 GMT+0530 (India Standard Time)
[debug] [2021-03-21T21:31:40.145Z] ----------------------------------------------------------------------
[debug] [2021-03-21T21:31:40.145Z] 
[debug] [2021-03-21T21:31:40.167Z] > command requires scopes: ["email","openid","https://www.googleapis.com/auth/cloudplatformprojects.readonly","https://www.googleapis.com/auth/firebase","https://www.googleapis.com/auth/cloud-platform"]
[debug] [2021-03-21T21:31:40.170Z] > authorizing via signed-in user
[info] 
     ######## #### ########  ######## ########     ###     ######  ########
     ##        ##  ##     ## ##       ##     ##  ##   ##  ##       ##
     ######    ##  ########  ######   ########  #########  ######  ######
     ##        ##  ##    ##  ##       ##     ## ##     ##       ## ##
     ##       #### ##     ## ######## ########  ##     ##  ######  ########

You're about to initialize a Firebase project in this directory:

  C:\30-days-of-React\instagram-clone-react

Before we get started, keep in mind:

  * You are currently outside your home directory

